# JRE version: OpenJDK Runtime Environment Corretto-18.0.2.9.1 (18.0.2+9) (build 18.0.2+9-FR)
# Java VM: OpenJDK 64-Bit Server VM Corretto-18.0.2.9.1 (18.0.2+9-FR, mixed mode, sharing, tiered, compressed oops, compressed class ptrs, g1 gc, bsd-aarch64)
Heap:
 garbage-first heap   total 337920K, used 67611K [0x0000000700000000, 0x0000000800000000)
  region size 2048K, 4 young (8192K), 2 survivors (4096K)
 Metaspace       used 33220K, committed 33536K, reserved 1114112K
  class space    used 4384K, committed 4544K, reserved 1048576K
GC Heap History (18 events):
Event: 3.143 GC heap before
{Heap before GC invocations=0 (full 0):
 garbage-first heap   total 266240K, used 49056K [0x0000000700000000, 0x0000000800000000)
  region size 2048K, 11 young (22528K), 0 survivors (0K)
 Metaspace       used 7658K, committed 7808K, reserved 1114112K
  class space    used 1004K, committed 1088K, reserved 1048576K
}
Event: 3.145 GC heap after
{Heap after GC invocations=1 (full 0):
 garbage-first heap   total 266240K, used 33341K [0x0000000700000000, 0x0000000800000000)
  region size 2048K, 2 young (4096K), 2 survivors (4096K)
 Metaspace       used 7658K, committed 7808K, reserved 1114112K
  class space    used 1004K, committed 1088K, reserved 1048576K
}
Event: 3.320 GC heap before
{Heap before GC invocations=1 (full 0):
 garbage-first heap   total 266240K, used 62013K [0x0000000700000000, 0x0000000800000000)
  region size 2048K, 17 young (34816K), 2 survivors (4096K)
 Metaspace       used 13259K, committed 13440K, reserved 1114112K
  class space    used 1687K, committed 1792K, reserved 1048576K
}
Event: 3.322 GC heap after
{Heap after GC invocations=2 (full 0):
 garbage-first heap   total 266240K, used 34736K [0x0000000700000000, 0x0000000800000000)
  region size 2048K, 1 young (2048K), 1 survivors (2048K)
 Metaspace       used 13259K, committed 13440K, reserved 1114112K
  class space    used 1687K, committed 1792K, reserved 1048576K
}
Event: 10.119 GC heap before
{Heap before GC invocations=2 (full 0):
 garbage-first heap   total 266240K, used 77744K [0x0000000700000000, 0x0000000800000000)
  region size 2048K, 23 young (47104K), 1 survivors (2048K)
 Metaspace       used 21271K, committed 21504K, reserved 1114112K
  class space    used 2843K, committed 2944K, reserved 1048576K
}
Event: 10.121 GC heap after
{Heap after GC invocations=3 (full 0):
 garbage-first heap   total 266240K, used 39364K [0x0000000700000000, 0x0000000800000000)
  region size 2048K, 2 young (4096K), 2 survivors (4096K)
 Metaspace       used 21271K, committed 21504K, reserved 1114112K
  class space    used 2843K, committed 2944K, reserved 1048576K
}
Event: 11.139 GC heap before
{Heap before GC invocations=4 (full 0):
 garbage-first heap   total 151552K, used 133572K [0x0000000700000000, 0x0000000800000000)
  region size 2048K, 44 young (90112K), 2 survivors (4096K)
 Metaspace       used 28166K, committed 28416K, reserved 1114112K
  class space    used 3601K, committed 3712K, reserved 1048576K
}
Event: 11.142 GC heap after
{Heap after GC invocations=5 (full 0):
 garbage-first heap   total 151552K, used 49604K [0x0000000700000000, 0x0000000800000000)
  region size 2048K, 4 young (8192K), 4 survivors (8192K)
 Metaspace       used 28166K, committed 28416K, reserved 1114112K
  class space    used 3601K, committed 3712K, reserved 1048576K
}
Event: 11.145 GC heap before
{Heap before GC invocations=5 (full 0):
 garbage-first heap   total 151552K, used 51652K [0x0000000700000000, 0x0000000800000000)
  region size 2048K, 5 young (10240K), 4 survivors (8192K)
 Metaspace       used 28174K, committed 28416K, reserved 1114112K
  class space    used 3601K, committed 3712K, reserved 1048576K
}
Event: 11.148 GC heap after
{Heap after GC invocations=6 (full 0):
 garbage-first heap   total 151552K, used 49223K [0x0000000700000000, 0x0000000800000000)
  region size 2048K, 1 young (2048K), 1 survivors (2048K)
 Metaspace       used 28174K, committed 28416K, reserved 1114112K
  class space    used 3601K, committed 3712K, reserved 1048576K
}
Event: 17.109 GC heap before
{Heap before GC invocations=6 (full 0):
 garbage-first heap   total 151552K, used 124999K [0x0000000700000000, 0x0000000800000000)
  region size 2048K, 35 young (71680K), 1 survivors (2048K)
 Metaspace       used 28562K, committed 28800K, reserved 1114112K
  class space    used 3616K, committed 3712K, reserved 1048576K
}
Event: 17.110 GC heap after
{Heap after GC invocations=7 (full 0):
 garbage-first heap   total 151552K, used 57814K [0x0000000700000000, 0x0000000800000000)
  region size 2048K, 1 young (2048K), 1 survivors (2048K)
 Metaspace       used 28562K, committed 28800K, reserved 1114112K
  class space    used 3616K, committed 3712K, reserved 1048576K
}
Event: 17.158 GC heap before
{Heap before GC invocations=7 (full 0):
 garbage-first heap   total 151552K, used 125398K [0x0000000700000000, 0x0000000800000000)
  region size 2048K, 32 young (65536K), 1 survivors (2048K)
 Metaspace       used 28671K, committed 28928K, reserved 1114112K
  class space    used 3616K, committed 3712K, reserved 1048576K
}
Event: 17.158 GC heap after
{Heap after GC invocations=8 (full 0):
 garbage-first heap   total 151552K, used 62148K [0x0000000700000000, 0x0000000800000000)
  region size 2048K, 1 young (2048K), 1 survivors (2048K)
 Metaspace       used 28671K, committed 28928K, reserved 1114112K
  class space    used 3616K, committed 3712K, reserved 1048576K
}
Event: 20.224 GC heap before
{Heap before GC invocations=8 (full 0):
 garbage-first heap   total 151552K, used 123588K [0x0000000700000000, 0x0000000800000000)
  region size 2048K, 31 young (63488K), 1 survivors (2048K)
 Metaspace       used 29647K, committed 29888K, reserved 1114112K
  class space    used 3763K, committed 3904K, reserved 1048576K
}
Event: 20.228 GC heap after
{Heap after GC invocations=9 (full 0):
 garbage-first heap   total 337920K, used 62513K [0x0000000700000000, 0x0000000800000000)
  region size 2048K, 1 young (2048K), 1 survivors (2048K)
 Metaspace       used 29647K, committed 29888K, reserved 1114112K
  class space    used 3763K, committed 3904K, reserved 1048576K
}
Event: 62.367 GC heap before
{Heap before GC invocations=9 (full 0):
 garbage-first heap   total 337920K, used 267313K [0x0000000700000000, 0x0000000800000000)
  region size 2048K, 99 young (202752K), 1 survivors (2048K)
 Metaspace       used 33212K, committed 33536K, reserved 1114112K
  class space    used 4384K, committed 4544K, reserved 1048576K
}
Event: 62.372 GC heap after
{Heap after GC invocations=10 (full 0):
 garbage-first heap   total 337920K, used 63659K [0x0000000700000000, 0x0000000800000000)
  region size 2048K, 2 young (4096K), 2 survivors (4096K)
 Metaspace       used 33212K, committed 33536K, reserved 1114112K
  class space    used 4384K, committed 4544K, reserved 1048576K
}

