# JRE version: OpenJDK Runtime Environment Corretto-18.0.2.9.1 (18.0.2+9) (build 18.0.2+9-FR)
# Java VM: OpenJDK 64-Bit Server VM Corretto-18.0.2.9.1 (18.0.2+9-FR, mixed mode, sharing, tiered, compressed oops, compressed class ptrs, g1 gc, bsd-aarch64)
Heap:
 garbage-first heap   total 215040K, used 96768K [0x0000000700000000, 0x0000000800000000)
  region size 2048K, 4 young (8192K), 3 survivors (6144K)
 Metaspace       used 34202K, committed 34560K, reserved 1114112K
  class space    used 4452K, committed 4608K, reserved 1048576K
GC Heap History (20 events):
Event: 36.413 GC heap before
{Heap before GC invocations=34 (full 0):
 garbage-first heap   total 157696K, used 106717K [0x0000000700000000, 0x0000000800000000)
  region size 2048K, 13 young (26624K), 2 survivors (4096K)
 Metaspace       used 32543K, committed 32832K, reserved 1114112K
  class space    used 4209K, committed 4352K, reserved 1048576K
}
Event: 36.414 GC heap after
{Heap after GC invocations=35 (full 0):
 garbage-first heap   total 157696K, used 86313K [0x0000000700000000, 0x0000000800000000)
  region size 2048K, 2 young (4096K), 2 survivors (4096K)
 Metaspace       used 32543K, committed 32832K, reserved 1114112K
  class space    used 4209K, committed 4352K, reserved 1048576K
}
Event: 36.463 GC heap before
{Heap before GC invocations=36 (full 0):
 garbage-first heap   total 167936K, used 110889K [0x0000000700000000, 0x0000000800000000)
  region size 2048K, 13 young (26624K), 2 survivors (4096K)
 Metaspace       used 32545K, committed 32832K, reserved 1114112K
  class space    used 4209K, committed 4352K, reserved 1048576K
}
Event: 36.465 GC heap after
{Heap after GC invocations=37 (full 0):
 garbage-first heap   total 167936K, used 90421K [0x0000000700000000, 0x0000000800000000)
  region size 2048K, 1 young (2048K), 1 survivors (2048K)
 Metaspace       used 32545K, committed 32832K, reserved 1114112K
  class space    used 4209K, committed 4352K, reserved 1048576K
}
Event: 37.022 GC heap before
{Heap before GC invocations=38 (full 0):
 garbage-first heap   total 172032K, used 114997K [0x0000000700000000, 0x0000000800000000)
  region size 2048K, 12 young (24576K), 1 survivors (2048K)
 Metaspace       used 32580K, committed 32896K, reserved 1114112K
  class space    used 4209K, committed 4352K, reserved 1048576K
}
Event: 37.024 GC heap after
{Heap after GC invocations=39 (full 0):
 garbage-first heap   total 172032K, used 94644K [0x0000000700000000, 0x0000000800000000)
  region size 2048K, 1 young (2048K), 1 survivors (2048K)
 Metaspace       used 32580K, committed 32896K, reserved 1114112K
  class space    used 4209K, committed 4352K, reserved 1048576K
}
Event: 37.081 GC heap before
{Heap before GC invocations=40 (full 0):
 garbage-first heap   total 178176K, used 117172K [0x0000000700000000, 0x0000000800000000)
  region size 2048K, 12 young (24576K), 1 survivors (2048K)
 Metaspace       used 32580K, committed 32896K, reserved 1114112K
  class space    used 4209K, committed 4352K, reserved 1048576K
}
Event: 37.082 GC heap after
{Heap after GC invocations=41 (full 0):
 garbage-first heap   total 215040K, used 98821K [0x0000000700000000, 0x0000000800000000)
  region size 2048K, 1 young (2048K), 1 survivors (2048K)
 Metaspace       used 32580K, committed 32896K, reserved 1114112K
  class space    used 4209K, committed 4352K, reserved 1048576K
}
Event: 37.124 GC heap before
{Heap before GC invocations=42 (full 0):
 garbage-first heap   total 215040K, used 121349K [0x0000000700000000, 0x0000000800000000)
  region size 2048K, 12 young (24576K), 1 survivors (2048K)
 Metaspace       used 32582K, committed 32896K, reserved 1114112K
  class space    used 4209K, committed 4352K, reserved 1048576K
}
Event: 37.125 GC heap after
{Heap after GC invocations=43 (full 0):
 garbage-first heap   total 215040K, used 103090K [0x0000000700000000, 0x0000000800000000)
  region size 2048K, 1 young (2048K), 1 survivors (2048K)
 Metaspace       used 32582K, committed 32896K, reserved 1114112K
  class space    used 4209K, committed 4352K, reserved 1048576K
}
Event: 38.553 GC heap before
{Heap before GC invocations=44 (full 0):
 garbage-first heap   total 215040K, used 160434K [0x0000000700000000, 0x0000000800000000)
  region size 2048K, 28 young (57344K), 1 survivors (2048K)
 Metaspace       used 33458K, committed 33728K, reserved 1114112K
  class space    used 4364K, committed 4480K, reserved 1048576K
}
Event: 38.555 GC heap after
{Heap after GC invocations=45 (full 0):
 garbage-first heap   total 215040K, used 107682K [0x0000000700000000, 0x0000000800000000)
  region size 2048K, 2 young (4096K), 2 survivors (4096K)
 Metaspace       used 33458K, committed 33728K, reserved 1114112K
  class space    used 4364K, committed 4480K, reserved 1048576K
}
Event: 38.666 GC heap before
{Heap before GC invocations=46 (full 0):
 garbage-first heap   total 215040K, used 185506K [0x0000000700000000, 0x0000000800000000)
  region size 2048K, 38 young (77824K), 2 survivors (4096K)
 Metaspace       used 33506K, committed 33792K, reserved 1114112K
  class space    used 4364K, committed 4480K, reserved 1048576K
}
Event: 38.668 GC heap after
{Heap after GC invocations=47 (full 0):
 garbage-first heap   total 215040K, used 112424K [0x0000000700000000, 0x0000000800000000)
  region size 2048K, 2 young (4096K), 2 survivors (4096K)
 Metaspace       used 33506K, committed 33792K, reserved 1114112K
  class space    used 4364K, committed 4480K, reserved 1048576K
}
Event: 40.210 GC heap before
{Heap before GC invocations=47 (full 0):
 garbage-first heap   total 215040K, used 182056K [0x0000000700000000, 0x0000000800000000)
  region size 2048K, 36 young (73728K), 2 survivors (4096K)
 Metaspace       used 34019K, committed 34368K, reserved 1114112K
  class space    used 4452K, committed 4608K, reserved 1048576K
}
Event: 40.212 GC heap after
{Heap after GC invocations=48 (full 0):
 garbage-first heap   total 215040K, used 113923K [0x0000000700000000, 0x0000000800000000)
  region size 2048K, 3 young (6144K), 3 survivors (6144K)
 Metaspace       used 34019K, committed 34368K, reserved 1114112K
  class space    used 4452K, committed 4608K, reserved 1048576K
}
Event: 40.277 GC heap before
{Heap before GC invocations=49 (full 0):
 garbage-first heap   total 215040K, used 156931K [0x0000000700000000, 0x0000000800000000)
  region size 2048K, 35 young (71680K), 3 survivors (6144K)
 Metaspace       used 34063K, committed 34368K, reserved 1114112K
  class space    used 4452K, committed 4608K, reserved 1048576K
}
Event: 40.279 GC heap after
{Heap after GC invocations=50 (full 0):
 garbage-first heap   total 215040K, used 91988K [0x0000000700000000, 0x0000000800000000)
  region size 2048K, 3 young (6144K), 3 survivors (6144K)
 Metaspace       used 34063K, committed 34368K, reserved 1114112K
  class space    used 4452K, committed 4608K, reserved 1048576K
}
Event: 46.618 GC heap before
{Heap before GC invocations=50 (full 0):
 garbage-first heap   total 215040K, used 171860K [0x0000000700000000, 0x0000000800000000)
  region size 2048K, 41 young (83968K), 3 survivors (6144K)
 Metaspace       used 34201K, committed 34560K, reserved 1114112K
  class space    used 4452K, committed 4608K, reserved 1048576K
}
Event: 46.620 GC heap after
{Heap after GC invocations=51 (full 0):
 garbage-first heap   total 215040K, used 88640K [0x0000000700000000, 0x0000000800000000)
  region size 2048K, 3 young (6144K), 3 survivors (6144K)
 Metaspace       used 34201K, committed 34560K, reserved 1114112K
  class space    used 4452K, committed 4608K, reserved 1048576K
}

